<?xml version="1.0" encoding="UTF-8"?>
<!-- Generated by org.testng.reporters.JUnitReportReporter -->
<testsuite hostname="Vaishnavi" failures="0" tests="1" name="trry.Test_Prog" time="36.733" errors="0" timestamp="2024-08-06T10:06:16 IST" skipped="0">
  <testcase classname="trry.Test_Prog" name="login" time="36.733"/>
</testsuite> <!-- trry.Test_Prog -->
